<?xml version="1.0" encoding="UTF-8"?>
<!-- Generated by org.testng.reporters.JUnitReportReporter -->
<testsuite skipped="0" hostname="DESKTOP-HJ8VKPG" name="com.nopCommerce.register.Register" tests="6" failures="0" timestamp="19 Aug 2021 01:46:52 GMT" time="24.289" errors="0">
  <testcase name="TC_04_Register_Password_Less_6_Characters" time="3.661" classname="com.nopCommerce.register.Register"/>
  <testcase name="TC_03_Register_Exist_Email" time="7.479" classname="com.nopCommerce.register.Register"/>
  <testcase name="TC_01_Register_Empty_Data" time="2.618" classname="com.nopCommerce.register.Register"/>
  <testcase name="TC_02_Register_Invalid_Email" time="3.873" classname="com.nopCommerce.register.Register"/>
  <testcase name="TC_05_Register_Confirm_Password_Not_Match_Password" time="3.445" classname="com.nopCommerce.register.Register"/>
  <testcase name="TC_06_Register_Success" time="3.213" classname="com.nopCommerce.register.Register"/>
</testsuite> <!-- com.nopCommerce.register.Register -->
