<?xml version="1.0" encoding="UTF-8"?>
<!-- Generated by org.testng.reporters.JUnitReportReporter -->
<testsuite skipped="0" hostname="DESKTOP-HJ8VKPG" name="com.nopCommerce.register.Login" tests="1" failures="0" timestamp="26 Aug 2021 03:30:00 GMT" time="6.049" errors="0">
  <testcase name="TC_01_Login_Empty_Data" time="6.049" classname="com.nopCommerce.register.Login"/>
</testsuite> <!-- com.nopCommerce.register.Login -->
