<?xml version="1.0" encoding="UTF-8"?>
<!-- Generated by org.testng.reporters.JUnitReportReporter -->
<testsuite skipped="0" hostname="DESKTOP-HJ8VKPG" name="com.nopCommerce.register.Login" tests="4" failures="0" timestamp="26 Aug 2021 14:39:24 GMT" time="25.090" errors="0">
  <testcase name="TC_04_Login_Registered_Email_Null_Password" time="10.045" classname="com.nopCommerce.register.Login"/>
  <testcase name="TC_03_Login_Not_Exist_Email" time="5.999" classname="com.nopCommerce.register.Login"/>
  <testcase name="TC_06_Login_Success" time="4.633" classname="com.nopCommerce.register.Login"/>
  <testcase name="TC_05_Login_Registered_Email_Incorrect_Password" time="4.413" classname="com.nopCommerce.register.Login"/>
</testsuite> <!-- com.nopCommerce.register.Login -->
